[debug] [2022-11-01T01:07:13.739Z] ----------------------------------------------------------------------
[debug] [2022-11-01T01:07:13.741Z] Command:       C:\Program Files\nodejs\node.exe C:\Users\admin\AppData\Roaming\npm\node_modules\firebase-tools\lib\bin\firebase.js init
[debug] [2022-11-01T01:07:13.742Z] CLI Version:   11.15.0
[debug] [2022-11-01T01:07:13.742Z] Platform:      win32
[debug] [2022-11-01T01:07:13.743Z] Node Version:  v16.16.0
[debug] [2022-11-01T01:07:13.744Z] Time:          Tue Nov 01 2022 02:07:13 GMT+0100 (West Africa Standard Time)
[debug] [2022-11-01T01:07:13.744Z] ----------------------------------------------------------------------
[debug] 
[debug] [2022-11-01T01:07:13.756Z] > command requires scopes: ["email","openid","https://www.googleapis.com/auth/cloudplatformprojects.readonly","https://www.googleapis.com/auth/firebase","https://www.googleapis.com/auth/cloud-platform"]
[debug] [2022-11-01T01:07:13.756Z] > authorizing via signed-in user (victorgbadebo10@gmail.com)
[info] 
     ######## #### ########  ######## ########     ###     ######  ########
     ##        ##  ##     ## ##       ##     ##  ##   ##  ##       ##
     ######    ##  ########  ######   ########  #########  ######  ######
     ##        ##  ##    ##  ##       ##     ## ##     ##       ## ##
     ##       #### ##     ## ######## ########  ##     ##  ######  ########

You're about to initialize a Firebase project in this directory:

  C:\Users\admin\Desktop\React-PT\React-Course\social-media

[info] 
=== Project Setup
[info] 
[info] First, let's associate this project directory with a Firebase project.
[info] You can create multiple project aliases by running firebase use --add, 
[info] but for now we'll just set up a default project.
[info] 
[debug] [2022-11-01T01:09:18.055Z] >>> [apiv2][query] GET https://firebase.googleapis.com/v1beta1/projects pageSize=100
[debug] [2022-11-01T01:09:18.815Z] <<< [apiv2][status] GET https://firebase.googleapis.com/v1beta1/projects 200
[debug] [2022-11-01T01:09:18.816Z] <<< [apiv2][body] GET https://firebase.googleapis.com/v1beta1/projects [omitted]
[info] i  Using project react-social-media-ap (react-social-media-ap) 
[info] 
=== Hosting Setup
[info] 
[info] Your public directory is the folder (relative to your project directory) that
[info] will contain Hosting assets to be uploaded with firebase deploy. If you
[info] have a build process for your assets, use your build's output directory.
[info] 
